<?xml version="1.0" encoding="UTF-8"?>

<!DOCTYPE frame2-config PUBLIC
  "-//Megatome Technologies//DTD Frame2 Configuration 1.1//EN"
  "http://frame2.sourceforge.net/dtds/frame2-config_1_1.dtd">

<frame2-config>
   <global-forwards>
      <forward name="normal"  type="HTMLResource" path="/normal.jsp"/>
      <forward name="input"   type="HTMLResource" path="/input.jsp"/>
      <forward name="cancel"  type="HTMLResource" path="/cancel.jsp"/>
      <forward name="chained" type="HTMLResource" path="/chained.jsp"/>
   </global-forwards>
   <events>
      <event name="event1" type="org.megatome.frame2.front.Event1"/>
      <event name="event2" type="org.megatome.frame2.front.Event2"/>
   </events>
   <event-mappings>
      <event-mapping eventName="event1" cancelView="cancel">
         <handler name="ev1handler1"/>
      </event-mapping>
      <event-mapping eventName="event2" cancelView="chained">
         <handler name="ev2handler1"/>
      </event-mapping>
   </event-mappings>
   <event-handlers>
      <event-handler name="ev1handler1" type="org.megatome.frame2.front.Ev1handler1">
         <init-param name="parm1" value="val111"/>
         <init-param name="parm2" value="val112"/>
      </event-handler>
      <event-handler name="ev1handler2" type="org.megatome.frame2.front.Ev1handler2">
         <init-param name="parm1" value="val121"/>
         <init-param name="parm2" value="val122"/>
      </event-handler>
   </event-handlers>
</frame2-config>
