<?xml version="1.0" encoding="UTF-8"?>

<!DOCTYPE frame2-config PUBLIC
  "-//Megatome Technologies//DTD Frame2 Configuration 1.1//EN"
  "http://frame2.sourceforge.net/dtds/frame2-config_1_1.dtd">

<frame2-config>
   <global-forwards>
      <forward name="redirect" type="HTMLResource" path="http://frame2.org/redirect.jsp"/>
   </global-forwards>
   <events>
      <event name="validateEvent" type="org.megatome.frame2.front.ValidateEvent"/>
   </events>
   <event-mappings>
      <event-mapping 
          eventName="validateEvent"
         inputView="redirect"
         validate="true">
         <handler name="redirectHandler"/>
       <view type="HTML" forwardName="redirect"/>
      </event-mapping>
   </event-mappings>
   <event-handlers>
      <event-handler
         name="redirectHandler"
         type="org.megatome.frame2.front.RedirectHandler">
      </event-handler>
   </event-handlers>
   <plugins>
         <plugin name="CommonsValidatorPlugin" type="org.megatome.frame2.validator.CommonsValidatorPlugin"/>
   </plugins>
</frame2-config>
