<!DOCTYPE form-validation PUBLIC
          "-//Apache Software Foundation//DTD Commons Validator Rules Configuration 1.0//EN"
          "http://jakarta.apache.org/commons/dtds/validator_1_0.dtd">
<form-validation>
   <global><validator name="email"
            classname="org.megatome.frame2.validator.CommonsFieldValidator"
               method="validateEmail"
         methodParams="java.lang.Object,
                       org.apache.commons.validator.ValidatorAction,
                       org.megatome.frame2.errors.Errors,
                       org.apache.commons.validator.Field"
                  />
		 <validator name="required"
            classname="org.megatome.frame2.validator.CommonsFieldValidator"
               method="validateRequired"
         methodParams="java.lang.Object,
                       org.apache.commons.validator.ValidatorAction,
                       org.megatome.frame2.errors.Errors,
                       org.apache.commons.validator.Field"
                  />
  </global>
</form-validation>
