<?xml version="1.0" encoding="ISO-8859-1" ?>

<!DOCTYPE form-validation PUBLIC
          "-//Apache Software Foundation//DTD Commons Validator Rules Configuration 1.0//EN"
          "http://jakarta.apache.org/commons/dtds/validator_1_0.dtd">
<form-validation>
 <formset>
      <form name="testEmailFieldBean">
       <field    property="email"
         	   depends="email">
         </field>
      </form>
   </formset>   
</form-validation>


